\BOOKMARK [0][-]{figure.caption.2}{\376\377\000A\000b\000s\000t\000r\000a\000c\000t}{}% 1
\BOOKMARK [0][-]{figure.caption.2}{\376\377\000R\000e\000s\000u\000m\000o}{}% 2
\BOOKMARK [0][-]{figure.caption.2}{\376\377\000A\000c\000k\000n\000o\000w\000l\000e\000d\000g\000e\000m\000e\000n\000t\000s}{}% 3
\BOOKMARK [0][-]{section*.3}{\376\377\000L\000i\000s\000t\000\040\000o\000f\000\040\000F\000i\000g\000u\000r\000e\000s}{}% 4
\BOOKMARK [0][-]{section*.4}{\376\377\000L\000i\000s\000t\000\040\000o\000f\000\040\000T\000a\000b\000l\000e\000s}{}% 5
\BOOKMARK [0][-]{section*.4}{\376\377\000A\000b\000b\000r\000e\000v\000i\000a\000t\000i\000o\000n\000s\000\040\000a\000n\000d\000\040\000A\000c\000r\000o\000n\000y\000m\000s}{}% 6
\BOOKMARK [0][-]{chapter.1}{\376\377\000I\000n\000t\000r\000o\000d\000u\000c\000t\000i\000o\000n}{}% 7
\BOOKMARK [1][-]{section.1.1}{\376\377\000M\000o\000t\000i\000v\000a\000t\000i\000o\000n\000:\000\040\000t\000h\000e\000\040\000Q\000u\000a\000s\000i\000-\000S\000t\000a\000t\000i\000c\000\040\000M\000o\000d\000e\000l\000l\000i\000n\000g}{chapter.1}% 8
\BOOKMARK [2][-]{subsection.1.1.1}{\376\377\000S\000y\000n\000c\000h\000r\000o\000n\000o\000u\000s\000\040\000m\000a\000c\000h\000i\000n\000e\000\040\000m\000o\000d\000e\000l\000l\000i\000n\000g}{section.1.1}% 9
\BOOKMARK [2][-]{subsection.1.1.2}{\376\377\000L\000a\000r\000g\000e\000\040\000a\000n\000d\000\040\000m\000u\000l\000t\000i\000m\000a\000c\000h\000i\000n\000e\000\040\000P\000o\000w\000e\000r\000\040\000S\000y\000s\000t\000e\000m\000s}{section.1.1}% 10
\BOOKMARK [2][-]{subsection.1.1.3}{\376\377\000C\000o\000n\000t\000r\000o\000l\000\040\000o\000f\000\040\000P\000o\000w\000e\000r\000\040\000S\000y\000s\000t\000e\000m\000s}{section.1.1}% 11
\BOOKMARK [2][-]{subsection.1.1.4}{\376\377\000T\000h\000e\000\040\000Q\000S\000M\000\040\000b\000e\000y\000o\000n\000d\000\040\000P\000o\000w\000e\000r\000\040\000S\000y\000s\000t\000e\000m\000s}{section.1.1}% 12
\BOOKMARK [2][-]{subsection.1.1.5}{\376\377\000M\000o\000d\000e\000r\000n\000\040\000P\000o\000w\000e\000r\000\040\000S\000y\000s\000t\000e\000m\000s}{section.1.1}% 13
\BOOKMARK [1][-]{section.1.2}{\376\377\000P\000r\000o\000b\000l\000e\000m\000s\000\040\000t\000h\000i\000s\000\040\000t\000h\000e\000s\000i\000s\000\040\000a\000i\000m\000s\000\040\000t\000o\000\040\000t\000a\000c\000k\000l\000e}{chapter.1}% 14
\BOOKMARK [2][-]{subsection.1.2.1}{\376\377\000S\000t\000a\000t\000i\000c\000\040\000P\000h\000a\000s\000o\000r\000s\000\040\000a\000s\000\040\000a\000\040\000t\000e\000m\000p\000l\000a\000t\000e}{section.1.2}% 15
\BOOKMARK [2][-]{subsection.1.2.2}{\376\377\000E\000l\000e\000c\000t\000r\000i\000c\000a\000l\000\040\000p\000o\000w\000e\000r\000\040\000i\000n\000\040\000A\000C\000\040\000r\000e\000g\000i\000m\000e\000n}{section.1.2}% 16
\BOOKMARK [2][-]{subsection.1.2.3}{\376\377\000T\000h\000e\000\040\000c\000u\000r\000r\000e\000n\000t\000\040\000l\000i\000t\000e\000r\000a\000t\000u\000r\000e}{section.1.2}% 17
\BOOKMARK [1][-]{section.1.3}{\376\377\000T\000h\000i\000s\000\040\000t\000e\000x\000t}{chapter.1}% 18
\BOOKMARK [2][-]{subsection.1.3.1}{\376\377\000T\000o\000\040\000w\000h\000o\000m\000\040\000a\000n\000d\000\040\000f\000o\000r\000\040\000w\000h\000a\000t\000\040\000t\000h\000i\000s\000\040\000t\000e\000x\000t\000\040\000i\000s\000\040\000i\000n\000t\000e\000n\000d\000e\000d}{section.1.3}% 19
\BOOKMARK [2][-]{subsection.1.3.2}{\376\377\000O\000b\000j\000e\000c\000t\000i\000v\000e\000,\000\040\000c\000o\000n\000t\000r\000i\000b\000u\000t\000i\000o\000n\000s\000\040\000a\000n\000d\000\040\000t\000h\000e\000s\000i\000s\000\040\000o\000v\000e\000r\000v\000i\000e\000w}{section.1.3}% 20
\BOOKMARK [1][-]{section.1.4}{\376\377\000A\000s\000s\000o\000c\000i\000a\000t\000e\000d\000\040\000p\000a\000p\000e\000r\000s}{chapter.1}% 21
\BOOKMARK [-1][-]{part.1}{\376\377\0001\000\040\000L\000i\000n\000e\000a\000r\000\040\000S\000y\000s\000t\000e\000m\000s\000\040\000a\000n\000d\000\040\000C\000l\000a\000s\000s\000i\000c\000a\000l\000\040\000P\000h\000a\000s\000o\000r\000\040\000T\000h\000e\000o\000r\000y}{}% 22
\BOOKMARK [0][-]{chapter.2}{\376\377\000T\000h\000e\000o\000r\000y\000\040\000o\000f\000\040\000L\000i\000n\000e\000a\000r\000\040\000D\000y\000n\000a\000m\000i\000c\000a\000l\000\040\000S\000y\000s\000t\000e\000m\000s}{part.1}% 23
\BOOKMARK [1][-]{section.2.1}{\376\377\000I\000n\000t\000r\000o\000d\000u\000c\000t\000i\000o\000n}{chapter.2}% 24
\BOOKMARK [2][-]{subsection.2.1.1}{\376\377\000O\000b\000j\000e\000c\000t\000i\000v\000e\000s}{section.2.1}% 25
\BOOKMARK [2][-]{subsection.2.1.2}{\376\377\000N\000o\000t\000a\000t\000i\000o\000n}{section.2.1}% 26
\BOOKMARK [1][-]{section.2.2}{\376\377\000L\000i\000n\000e\000a\000r\000\040\000C\000i\000r\000c\000u\000i\000t\000s\000\040\000a\000s\000\040\000L\000i\000n\000e\000a\000r\000\040\000F\000u\000n\000c\000t\000i\000o\000n\000a\000l\000s}{chapter.2}% 27
\BOOKMARK [1][-]{section.2.3}{\376\377\000N\000a\000t\000u\000r\000a\000l\000\040\000r\000e\000s\000p\000o\000n\000s\000e\000\040\000o\000f\000\040\000a\000\040\000L\000T\000I\000\040\000O\000D\000E}{chapter.2}% 28
\BOOKMARK [1][-]{section.2.4}{\376\377\000B\000a\000s\000e\000s\000,\000\040\000m\000a\000t\000r\000i\000c\000e\000s\000\040\000a\000n\000d\000\040\000o\000p\000e\000r\000a\000t\000i\000o\000n\000s}{chapter.2}% 29
\BOOKMARK [1][-]{section.2.5}{\376\377\000B\000a\000s\000e\000\040\000c\000h\000a\000n\000g\000e\000s}{chapter.2}% 30
\BOOKMARK [1][-]{section.2.6}{\376\377\000I\000n\000v\000a\000r\000i\000a\000n\000t\000\040\000s\000u\000b\000s\000p\000a\000c\000e\000s\000\040\000a\000n\000d\000\040\000e\000i\000n\000g\000e\000n\000s\000t\000u\000f\000f}{chapter.2}% 31
\BOOKMARK [1][-]{section.2.7}{\376\377\000D\000i\000a\000g\000o\000n\000a\000l\000i\000z\000a\000b\000l\000e\000\040\000o\000p\000e\000r\000a\000t\000o\000r\000s}{chapter.2}% 32
\BOOKMARK [1][-]{section.2.8}{\376\377\000D\000e\000f\000e\000c\000t\000i\000v\000e\000\040\000L\000T\000I\000\040\000O\000D\000E\000s}{chapter.2}% 33
\BOOKMARK [1][-]{section.2.9}{\376\377\000J\000o\000r\000d\000a\000n\000\040\000d\000e\000c\000o\000m\000p\000o\000s\000i\000t\000i\000o\000n\000\040\000a\000n\000d\000\040\000g\000e\000n\000e\000r\000a\000l\000i\000z\000e\000d\000\040\000e\000i\000g\000e\000n\000v\000e\000c\000t\000o\000r\000s}{chapter.2}% 34
\BOOKMARK [1][-]{section.2.10}{\376\377\000J\000o\000r\000d\000a\000n\000\040\000D\000e\000c\000o\000m\000p\000o\000s\000i\000t\000i\000o\000n}{chapter.2}% 35
\BOOKMARK [1][-]{section.2.11}{\376\377\000G\000e\000n\000e\000r\000a\000l\000i\000z\000e\000d\000\040\000J\000o\000r\000d\000a\000n\000\040\000C\000h\000a\000i\000n\000s}{chapter.2}% 36
\BOOKMARK [1][-]{section.2.12}{\376\377\000M\000a\000t\000r\000i\000x\000\040\000e\000x\000p\000o\000n\000e\000n\000t\000i\000a\000l\000s\000\040\000a\000n\000d\000\040\000t\000h\000e\000\040\000g\000e\000n\000e\000r\000a\000l\000\040\000s\000o\000l\000u\000t\000i\000o\000n\000\040\000o\000f\000\040\000a\000\040\000L\000T\000I\000\040\000O\000D\000E}{chapter.2}% 37
\BOOKMARK [2][-]{subsection.2.12.1}{\376\377\000I\000n\000n\000e\000r\000\040\000p\000r\000o\000d\000u\000c\000t\000\040\000a\000n\000d\000\040\000n\000o\000r\000m\000s}{section.2.12}% 38
\BOOKMARK [2][-]{subsection.2.12.2}{\376\377\000N\000o\000r\000m\000s\000\040\000o\000f\000\040\000m\000a\000p\000s\000\040\000a\000n\000d\000\040\000m\000a\000t\000r\000i\000c\000e\000s}{section.2.12}% 39
\BOOKMARK [2][-]{subsection.2.12.3}{\376\377\000M\000a\000t\000r\000i\000x\000\040\000e\000x\000p\000o\000n\000e\000n\000t\000i\000a\000l\000\040\000p\000r\000o\000p\000e\000r\000t\000i\000e\000s}{section.2.12}% 40
\BOOKMARK [1][-]{section.2.13}{\376\377\000L\000i\000n\000e\000\040\000a\000n\000d\000\040\000m\000a\000t\000r\000i\000x\000\040\000O\000D\000E\000s}{chapter.2}% 41
\BOOKMARK [2][-]{subsection.2.13.1}{\376\377\000M\000a\000t\000r\000i\000x\000-\000t\000o\000-\000l\000i\000n\000e\000\040\000e\000q\000u\000i\000v\000a\000l\000e\000n\000c\000e\000\040\000a\000n\000d\000\040\000t\000h\000e\000\040\000C\000a\000y\000l\000e\000y\000-\000H\000a\000m\000i\000l\000t\000o\000n\000\040\000T\000h\000e\000o\000r\000e\000m}{section.2.13}% 42
\BOOKMARK [2][-]{subsection.2.13.2}{\376\377\000T\000h\000e\000\040\000F\000r\000o\000b\000e\000n\000i\000u\000s\000\040\000M\000a\000t\000r\000i\000x\000\040\000a\000n\000d\000\040\000H\000u\000r\000w\000i\000t\000z\000\040\000P\000o\000l\000y\000n\000o\000m\000i\000a\000l}{section.2.13}% 43
\BOOKMARK [2][-]{subsection.2.13.3}{\376\377\000G\000e\000n\000e\000r\000a\000l\000\040\000s\000o\000l\000u\000t\000i\000o\000n\000\040\000o\000f\000\040\000a\000\040\000l\000i\000n\000e\000\040\000O\000D\000E}{section.2.13}% 44
\BOOKMARK [1][-]{section.2.14}{\376\377\000S\000t\000a\000b\000i\000l\000i\000t\000y}{chapter.2}% 45
\BOOKMARK [1][-]{section.2.15}{\376\377\000L\000y\000a\000p\000u\000n\000o\000v\000\040\000s\000t\000a\000b\000i\000l\000i\000t\000y}{chapter.2}% 46
\BOOKMARK [0][-]{chapter.3}{\376\377\000C\000l\000a\000s\000s\000i\000c\000\040\000P\000h\000a\000s\000o\000r\000s\000\040\000T\000h\000e\000o\000r\000y}{part.1}% 47
\BOOKMARK [1][-]{section.3.1}{\376\377\000I\000n\000t\000r\000o\000d\000u\000c\000t\000i\000o\000n\000\040\000t\000o\000\040\000p\000h\000a\000s\000o\000r\000s}{chapter.3}% 48
\BOOKMARK [1][-]{section.3.2}{\376\377\000L\000i\000n\000e\000a\000r\000\040\000C\000i\000r\000c\000u\000i\000t\000s\000\040\000a\000s\000\040\000L\000i\000n\000e\000a\000r\000\040\000S\000y\000s\000t\000e\000m\000s\000\040\000\050\000a\000g\000a\000i\000n\000\051}{chapter.3}% 49
\BOOKMARK [1][-]{section.3.3}{\376\377\000H\000u\000r\000w\000i\000t\000z\000\040\000s\000t\000a\000b\000i\000l\000i\000t\000y\000\040\000o\000f\000\040\000P\000a\000s\000s\000i\000v\000e\000\040\000L\000i\000n\000e\000a\000r\000\040\000C\000i\000r\000c\000u\000i\000t\000s}{chapter.3}% 50
\BOOKMARK [1][-]{section.3.4}{\376\377\000S\000t\000a\000t\000i\000c\000\040\000P\000h\000a\000s\000o\000r\000s}{chapter.3}% 51
\BOOKMARK [2][-]{subsection.3.4.1}{\376\377\000O\000p\000e\000r\000a\000t\000i\000o\000n\000a\000l\000\040\000p\000r\000o\000p\000e\000r\000t\000i\000e\000s\000\040\000o\000f\000\040\000S\000t\000a\000t\000i\000c\000\040\000P\000h\000a\000s\000o\000r\000s}{section.3.4}% 52
\BOOKMARK [1][-]{section.3.5}{\376\377\000I\000m\000p\000e\000d\000a\000n\000c\000e\000s\000\040\000a\000n\000d\000\040\000K\000i\000r\000c\000h\000o\000f\000f\000'\000s\000\040\000L\000a\000w\000s\000\040\000i\000n\000\040\000t\000h\000e\000\040\000P\000h\000a\000s\000o\000r\000\040\000d\000o\000m\000a\000i\000n}{chapter.3}% 53
\BOOKMARK [1][-]{section.3.6}{\376\377\000C\000o\000m\000p\000l\000e\000x\000\040\000a\000n\000d\000\040\000A\000v\000e\000r\000a\000g\000e\000\040\000P\000o\000w\000e\000r\000\040\000o\000f\000\040\000S\000t\000a\000t\000i\000c\000\040\000P\000h\000a\000s\000o\000r\000s}{chapter.3}% 54
\BOOKMARK [-1][-]{part.2}{\376\377\0002\000\040\000D\000y\000n\000a\000m\000i\000c\000\040\000P\000h\000a\000s\000o\000r\000s\000\040\000T\000h\000e\000o\000r\000y}{}% 55
\BOOKMARK [0][-]{chapter.4}{\376\377\000D\000y\000n\000a\000m\000i\000c\000\040\000P\000h\000a\000s\000o\000r\000s\000\040\000T\000h\000e\000o\000r\000y}{part.2}% 56
\BOOKMARK [1][-]{section.4.1}{\376\377\000N\000o\000n\000s\000t\000a\000t\000i\000o\000n\000a\000r\000y\000\040\000s\000i\000n\000u\000s\000o\000i\000d\000a\000l\000\040\000s\000i\000g\000n\000a\000l\000s\000:\000\040\000t\000h\000e\000\040\000c\000u\000r\000r\000e\000n\000t\000\040\000t\000h\000e\000o\000r\000y\000\040\000o\000f\000\040\000D\000y\000n\000a\000m\000i\000c\000\040\000P\000h\000a\000s\000o\000r\000s}{chapter.4}% 57
\BOOKMARK [1][-]{section.4.2}{\376\377\000S\000h\000o\000r\000t\000-\000T\000i\000m\000e\000\040\000F\000o\000u\000r\000i\000e\000r\000\040\000T\000r\000a\000n\000s\000f\000o\000r\000m\000\040\000o\000f\000\040\000n\000o\000n\000s\000t\000a\000t\000i\000o\000n\000a\000r\000y\000\040\000s\000i\000g\000n\000a\000l\000s}{chapter.4}% 58
\BOOKMARK [2][-]{subsection.4.2.1}{\376\377\000O\000p\000e\000r\000a\000t\000i\000o\000n\000a\000l\000\040\000p\000r\000o\000p\000e\000r\000t\000i\000e\000s\000\040\000o\000f\000\040\000S\000T\000F\000T\000\040\000D\000y\000n\000a\000m\000i\000c\000\040\000P\000h\000a\000s\000o\000r\000s}{section.4.2}% 59
\BOOKMARK [2][-]{subsection.4.2.2}{\376\377\000S\000h\000o\000r\000t\000c\000o\000m\000i\000n\000g\000s\000\040\000o\000f\000\040\000S\000h\000o\000r\000t\000-\000T\000i\000m\000e\000\040\000F\000o\000u\000r\000i\000e\000r\000\040\000D\000y\000n\000a\000m\000i\000c\000\040\000P\000h\000a\000s\000o\000r\000s}{section.4.2}% 60
\BOOKMARK [3][-]{section*.25}{\376\377\000G\000a\000b\000o\000r\000'\000s\000\040\000I\000n\000e\000q\000u\000a\000l\000i\000t\000y}{subsection.4.2.2}% 61
\BOOKMARK [3][-]{equation.4.38}{\376\377\000I\000n\000f\000i\000n\000i\000t\000e\000\040\000c\000o\000m\000p\000l\000e\000x\000\040\000s\000y\000s\000t\000e\000m\000s}{subsection.4.2.2}% 62
\BOOKMARK [3][-]{equation.4.44}{\376\377\000P\000o\000w\000e\000r\000\040\000s\000i\000g\000n\000a\000l\000s}{subsection.4.2.2}% 63
\BOOKMARK [1][-]{section.4.3}{\376\377\000R\000e\000p\000r\000e\000s\000e\000n\000t\000a\000t\000i\000o\000n\000\040\000o\000f\000\040\000s\000i\000n\000u\000s\000o\000i\000d\000a\000l\000\040\000s\000i\000g\000n\000a\000l\000s\000\040\000u\000s\000i\000n\000g\000\040\000t\000h\000e\000\040\000H\000i\000l\000b\000e\000r\000t\000\040\000T\000r\000a\000n\000s\000f\000o\000r\000m}{chapter.4}% 64
\BOOKMARK [2][-]{subsection.4.3.1}{\376\377\000A\000n\000a\000l\000y\000t\000i\000c\000a\000l\000\040\000R\000e\000p\000r\000e\000s\000e\000n\000t\000a\000t\000i\000o\000n\000\040\000o\000f\000\040\000r\000e\000a\000l\000\040\000s\000i\000g\000n\000a\000l\000s}{section.4.3}% 65
\BOOKMARK [2][-]{subsection.4.3.2}{\376\377\000T\000h\000e\000\040\000C\000a\000u\000c\000h\000y\000\040\000P\000r\000i\000n\000c\000i\000p\000a\000l\000\040\000V\000a\000l\000u\000e}{section.4.3}% 66
\BOOKMARK [2][-]{subsection.4.3.3}{\376\377\000P\000r\000o\000p\000e\000r\000t\000i\000e\000s\000\040\000a\000n\000d\000\040\000a\000p\000p\000l\000i\000c\000a\000t\000i\000o\000n\000\040\000t\000o\000\040\000s\000i\000g\000n\000a\000l\000s\000\040\000o\000f\000\040\000i\000n\000t\000e\000r\000e\000s\000t}{section.4.3}% 67
\BOOKMARK [2][-]{subsection.4.3.4}{\376\377\000S\000h\000o\000r\000t\000c\000o\000m\000i\000n\000g\000s\000\040\000o\000f\000\040\000t\000h\000e\000\040\000H\000i\000l\000b\000e\000r\000t\000\040\000T\000r\000a\000n\000s\000f\000o\000r\000m}{section.4.3}% 68
\BOOKMARK [3][-]{section*.29}{\376\377\000R\000e\000p\000r\000e\000s\000e\000n\000t\000a\000t\000i\000o\000n\000\040\000o\000f\000\040\000s\000i\000g\000n\000a\000l\000s\000\040\000i\000n\000\040\000t\000i\000m\000e}{subsection.4.3.4}% 69
\BOOKMARK [3][-]{section*.29}{\376\377\000D\000i\000f\000f\000e\000r\000e\000n\000t\000i\000a\000l\000s}{subsection.4.3.4}% 70
\BOOKMARK [3][-]{equation.4.97}{\376\377\000P\000o\000w\000e\000r\000\040\000s\000i\000g\000n\000a\000l\000s}{subsection.4.3.4}% 71
\BOOKMARK [1][-]{section.4.4}{\376\377\000P\000r\000o\000p\000o\000s\000e\000d\000\040\000D\000y\000n\000a\000m\000i\000c\000\040\000P\000h\000a\000s\000o\000r\000s\000\040\000T\000h\000e\000o\000r\000y}{chapter.4}% 72
\BOOKMARK [2][-]{subsection.4.4.1}{\376\377\000C\000o\000n\000s\000t\000r\000u\000c\000t\000i\000o\000n\000\040\000o\000f\000\040\000t\000h\000e\000\040\000D\000y\000n\000a\000m\000i\000c\000\040\000P\000h\000a\000s\000o\000r\000\040\000T\000r\000a\000n\000s\000f\000o\000r\000m}{section.4.4}% 73
\BOOKMARK [2][-]{subsection.4.4.2}{\376\377\000P\000r\000o\000p\000e\000r\000t\000i\000e\000s\000\040\000o\000f\000\040\000t\000h\000e\000\040\000D\000y\000n\000a\000m\000i\000c\000\040\000P\000h\000a\000s\000o\000r\000\040\000T\000r\000a\000n\000s\000f\000o\000r\000m}{section.4.4}% 74
\BOOKMARK [1][-]{section.4.5}{\376\377\000T\000h\000e\000\040\000D\000y\000n\000a\000m\000i\000c\000\040\000P\000h\000a\000s\000o\000r\000\040\000T\000r\000a\000n\000s\000f\000o\000r\000m\000\040\000a\000p\000p\000l\000i\000e\000d\000\040\000t\000o\000\040\000l\000i\000n\000e\000a\000r\000\040\000s\000y\000s\000t\000e\000m\000s}{chapter.4}% 75
\BOOKMARK [2][-]{subsection.4.5.1}{\376\377\000A\000\040\000d\000q\000-\000e\000q\000u\000i\000v\000a\000l\000e\000n\000t\000\040\000l\000i\000n\000e\000a\000r\000\040\000s\000y\000s\000t\000e\000m}{section.4.5}% 76
\BOOKMARK [2][-]{subsection.4.5.2}{\376\377\000C\000o\000m\000p\000l\000e\000x\000i\000f\000i\000c\000a\000t\000i\000o\000n\000\040\000o\000f\000\040\000L\000T\000I\000\040\000O\000D\000E\000s\000\040\000w\000i\000t\000h\000\040\000p\000h\000a\000s\000o\000r\000i\000a\000l\000\040\000f\000o\000r\000c\000i\000n\000g}{section.4.5}% 77
\BOOKMARK [2][-]{subsection.4.5.3}{\376\377\000D\000i\000s\000c\000u\000s\000s\000i\000o\000n\000\040\000o\000n\000\040\000t\000h\000e\000o\000r\000e\000m\000\040\0006\0000}{section.4.5}% 78
\BOOKMARK [1][-]{section.4.6}{\376\377\000N\000o\000n\000s\000t\000a\000t\000i\000o\000n\000a\000r\000y\000\040\000C\000o\000m\000p\000l\000e\000x\000\040\000P\000o\000w\000e\000r}{chapter.4}% 79
\BOOKMARK [1][-]{section.4.7}{\376\377\000S\000o\000m\000e\000\040\000c\000i\000r\000c\000u\000i\000t\000\040\000a\000n\000a\000l\000y\000s\000i\000s\000\040\000i\000n\000\040\000D\000y\000n\000a\000m\000i\000c\000\040\000P\000h\000a\000s\000o\000r\000\040\000d\000o\000m\000a\000i\000n}{chapter.4}% 80
\BOOKMARK [1][-]{section.4.8}{\376\377\000T\000h\000r\000e\000e\000-\000P\000h\000a\000s\000e\000\040\000D\000y\000n\000a\000m\000i\000c\000\040\000P\000h\000a\000s\000o\000r\000s}{chapter.4}% 81
\BOOKMARK [2][-]{subsection.4.8.1}{\376\377\000S\000y\000n\000c\000h\000r\000o\000n\000i\000z\000a\000t\000i\000o\000n\000\040\000b\000a\000s\000i\000c\000s\000:\000\040\000t\000h\000e\000\040\000\040\000a\000n\000d\000\040\000d\000q\0000\000\040\000t\000r\000a\000n\000s\000f\000o\000r\000m\000s}{section.4.8}% 82
\BOOKMARK [3][-]{section*.44}{\376\377\000T\000h\000e\000\040\000C\000l\000a\000r\000k\000e\000\040\000T\000r\000a\000n\000s\000f\000o\000r\000m}{subsection.4.8.1}% 83
\BOOKMARK [3][-]{equation.4.270}{\376\377\000T\000h\000e\000\040\000P\000a\000r\000k\000\040\000T\000r\000a\000n\000s\000f\000o\000r\000m}{subsection.4.8.1}% 84
\BOOKMARK [1][-]{section.4.9}{\376\377\000T\000h\000e\000\040\000d\000q\0000\000\040\000T\000r\000a\000n\000s\000f\000o\000r\000m\000\040\000a\000n\000d\000\040\000t\000h\000e\000\040\000T\000h\000r\000e\000e\000-\000P\000h\000a\000s\000e\000\040\000D\000y\000n\000a\000m\000i\000c\000\040\000P\000h\000a\000s\000o\000r}{chapter.4}% 85
\BOOKMARK [2][-]{subsection.4.9.1}{\376\377\000T\000h\000r\000e\000e\000-\000P\000h\000a\000s\000e\000\040\000D\000y\000n\000a\000m\000i\000c\000\040\000P\000h\000a\000s\000o\000r\000s\000\040\000a\000s\000\040\000r\000e\000p\000r\000e\000s\000e\000n\000t\000a\000t\000i\000o\000n\000s\000\040\000o\000f\000\040\000s\000o\000l\000u\000t\000i\000o\000n\000s\000\040\000o\000f\000\040\000O\000D\000E\000s}{section.4.9}% 86
\BOOKMARK [2][-]{subsection.4.9.2}{\376\377\000O\000n\000\040\000t\000h\000e\000\040\000z\000e\000r\000o\000-\000s\000e\000q\000u\000e\000n\000c\000e\000\040\000c\000o\000m\000p\000o\000n\000e\000n\000t}{section.4.9}% 87
\BOOKMARK [1][-]{section.4.10}{\376\377\000T\000h\000r\000e\000e\000-\000p\000h\000a\000s\000e\000\040\000G\000e\000n\000e\000r\000a\000l\000i\000z\000e\000d\000\040\000C\000o\000m\000p\000l\000e\000x\000\040\000P\000o\000w\000e\000r}{chapter.4}% 88
\BOOKMARK [1][-]{section.4.11}{\376\377\000S\000o\000m\000e\000\040\000c\000i\000r\000c\000u\000i\000t\000\040\000a\000n\000a\000l\000y\000s\000i\000s\000\040\000i\000n\000\040\000t\000h\000r\000e\000e\000-\000p\000h\000a\000s\000e\000\040\000d\000o\000m\000a\000i\000n\000\040\000a\000n\000d\000\040\000e\000x\000a\000m\000p\000l\000e\000\040\000s\000i\000m\000u\000l\000a\000t\000i\000o\000n}{chapter.4}% 89
\BOOKMARK [0][-]{chapter.5}{\376\377\000E\000f\000f\000e\000c\000t\000s\000\040\000o\000f\000\040\000a\000p\000p\000a\000r\000e\000n\000t\000\040\000f\000r\000e\000q\000u\000e\000n\000c\000y}{part.2}% 90
\BOOKMARK [1][-]{section.5.1}{\376\377\000S\000t\000e\000a\000d\000y\000-\000s\000t\000a\000t\000e\000\040\000p\000h\000a\000s\000o\000r\000\040\000a\000p\000p\000r\000o\000x\000i\000m\000a\000t\000i\000o\000n\000\040\000a\000n\000d\000\040\000t\000i\000m\000e\000s\000c\000a\000l\000e\000s}{chapter.5}% 91
\BOOKMARK [2][-]{subsection.5.1.1}{\376\377\000R\000e\000v\000i\000s\000i\000t\000i\000n\000g\000\040\000n\000o\000n\000s\000t\000a\000t\000i\000o\000n\000a\000r\000y\000\040\000s\000i\000n\000u\000s\000o\000i\000d\000s\000\040\000a\000n\000d\000\040\000D\000y\000n\000a\000m\000i\000c\000\040\000P\000h\000a\000s\000o\000r\000s\000:\000\040\000S\000i\000g\000m\000a\000\040\000S\000p\000a\000c\000e\000s}{section.5.1}% 92
\BOOKMARK [2][-]{subsection.5.1.2}{\376\377\000C\000h\000a\000r\000a\000c\000t\000e\000r\000i\000s\000t\000i\000c\000s\000\040\000o\000f\000\040\000L\0001\000\050\000I\000\051}{section.5.1}% 93
\BOOKMARK [2][-]{subsection.5.1.3}{\376\377\000C\000o\000n\000s\000e\000q\000u\000e\000n\000c\000e\000s\000\040\000o\000f\000\040\000c\000h\000a\000r\000a\000c\000t\000e\000r\000i\000s\000t\000i\000c\000s\000\040\000o\000f\000\040\000\040\000s\000p\000a\000c\000e\000s\000\040\000o\000n\000\040\000l\000i\000n\000e\000a\000r\000\040\000c\000i\000r\000c\000u\000i\000t\000\040\000t\000h\000e\000o\000r\000y}{section.5.1}% 94
\BOOKMARK [1][-]{section.5.2}{\376\377\000S\000i\000g\000m\000a\000\040\000S\000p\000a\000c\000e\000s\000\040\000i\000n\000\040\000t\000h\000e\000\040\000p\000h\000a\000s\000o\000r\000\040\000d\000o\000m\000a\000i\000n}{chapter.5}% 95
\BOOKMARK [1][-]{section.5.3}{\376\377\000D\000e\000t\000e\000r\000m\000i\000n\000i\000n\000g\000\040\000i\000f\000\040\000a\000\040\0003\000\040\000s\000y\000s\000t\000e\000m\000\040\000y\000i\000e\000l\000d\000s\000\040\000a\000\040\000b\000a\000l\000a\000n\000c\000e\000d\000\040\000a\000s\000s\000y\000m\000p\000t\000o\000t\000i\000c\000\040\000s\000o\000l\000u\000t\000i\000o\000n}{chapter.5}% 96
\BOOKMARK [1][-]{section.5.4}{\376\377\000F\000r\000e\000q\000u\000e\000n\000c\000y\000\040\000c\000o\000n\000t\000r\000o\000l\000\040\000m\000o\000d\000e\000l\000l\000i\000n\000g\000\040\000a\000n\000d\000\040\000t\000i\000m\000e\000s\000c\000a\000l\000e\000s\000:\000\040\000t\000h\000e\000\040\000Q\000u\000a\000s\000i\000-\000s\000t\000a\000t\000i\000c\000\040\000H\000y\000p\000o\000t\000h\000e\000s\000i\000s}{chapter.5}% 97
\BOOKMARK [2][-]{subsection.5.4.1}{\376\377\000E\000x\000p\000l\000o\000r\000i\000n\000g\000\040\000t\000i\000m\000e\000s\000c\000a\000l\000e\000s}{section.5.4}% 98
\BOOKMARK [2][-]{subsection.5.4.2}{\376\377\000A\000p\000p\000l\000y\000i\000n\000g\000\040\000t\000h\000e\000o\000r\000e\000m\000\040\0008\0003\000\040\000t\000o\000\040\000t\000h\000e\000\040\000m\000o\000d\000e\000l\000l\000i\000n\000g\000\040}{section.5.4}% 99
\BOOKMARK [1][-]{section.5.5}{\376\377\000E\000x\000p\000l\000o\000r\000i\000n\000g\000\040\000t\000h\000e\000o\000r\000e\000m\000\040\0008\0004\000\040\000a\000n\000d\000\040\000i\000t\000s\000\040\000c\000o\000n\000s\000e\000q\000u\000e\000n\000c\000e\000s}{chapter.5}% 100
\BOOKMARK [2][-]{subsection.5.5.1}{\376\377\000T\000h\000e\000\040\000u\000n\000i\000t\000a\000r\000y\000\040\000m\000a\000t\000r\000i\000c\000e\000s\000\040\000U\000A\000\040\000a\000n\000d\000\040\000U\000B}{section.5.5}% 101
\BOOKMARK [2][-]{subsection.5.5.2}{\376\377\000T\000i\000m\000e\000s\000c\000a\000l\000e\000\040\000a\000n\000a\000l\000y\000s\000i\000s}{section.5.5}% 102
\BOOKMARK [2][-]{subsection.5.5.3}{\376\377\000A\000s\000s\000y\000m\000p\000t\000o\000t\000i\000c\000\040\000s\000t\000a\000b\000i\000l\000i\000t\000y\000\040\000a\000n\000d\000\040\000e\000f\000f\000e\000c\000t\000s\000\040\000o\000f\000\040\000l\000o\000a\000d\000s}{section.5.5}% 103
\BOOKMARK [1][-]{section.5.6}{\376\377\000P\000r\000o\000v\000i\000n\000g\000\040\000t\000h\000e\000\040\000Q\000u\000a\000s\000i\000-\000S\000t\000a\000t\000i\000c\000\040\000H\000y\000p\000o\000t\000h\000e\000s\000i\000s}{chapter.5}% 104
\BOOKMARK [-1][-]{part.3}{\376\377\0003\000\040\000D\000y\000n\000a\000m\000i\000c\000\040\000P\000h\000a\000s\000o\000r\000\040\000F\000u\000n\000c\000t\000i\000o\000n\000a\000l\000s\000\040\000a\000n\000d\000\040\000C\000o\000n\000t\000r\000o\000l}{}% 105
\BOOKMARK [0][-]{chapter.6}{\376\377\000D\000y\000n\000a\000m\000i\000c\000\040\000P\000h\000a\000s\000o\000r\000\040\000F\000u\000n\000c\000t\000i\000o\000n\000a\000l\000s}{part.3}% 106
\BOOKMARK [1][-]{section.6.1}{\376\377\000M\000o\000t\000i\000v\000a\000t\000i\000o\000n\000:\000\040\000m\000o\000d\000e\000l\000l\000i\000n\000g\000\040\000c\000i\000r\000c\000u\000i\000t\000\040\000u\000s\000i\000n\000g\000\040\000t\000h\000e\000\040\000L\000a\000p\000l\000a\000c\000e\000\040\000T\000r\000a\000n\000s\000f\000o\000r\000m}{chapter.6}% 107
\BOOKMARK [1][-]{section.6.2}{\376\377\000T\000h\000e\000\040\000D\000y\000n\000a\000m\000i\000c\000\040\000P\000h\000a\000s\000o\000r\000\040\000F\000u\000n\000c\000t\000i\000o\000n\000a\000l\000s}{chapter.6}% 108
\BOOKMARK [2][-]{subsection.6.2.1}{\376\377\000M\000o\000t\000i\000v\000a\000t\000i\000o\000n\000:\000\040\000t\000r\000a\000n\000s\000f\000o\000r\000m\000i\000n\000g\000\040\000d\000e\000r\000i\000v\000a\000t\000i\000v\000e\000s}{section.6.2}% 109
\BOOKMARK [2][-]{subsection.6.2.2}{\376\377\000L\000i\000n\000e\000a\000r\000i\000t\000y\000,\000\040\000b\000i\000j\000e\000c\000t\000i\000v\000e\000n\000e\000s\000s\000\040\000a\000n\000d\000\040\000i\000n\000v\000e\000r\000s\000e\000\040\000o\000p\000e\000r\000a\000t\000o\000r}{section.6.2}% 110
\BOOKMARK [1][-]{section.6.3}{\376\377\000A\000l\000g\000e\000b\000r\000a\000i\000c\000\040\000s\000t\000r\000u\000c\000t\000u\000r\000e\000s\000\040\000i\000n\000d\000u\000c\000e\000d\000\040\000b\000y\000\040\000D\000P\000F\000s\000\040\000a\000n\000d\000\040\000t\000h\000e\000\040\000c\000l\000a\000s\000s\000\040\000b\000o\000l\000d\0000\000m\000u\000\040\000m\000u\000m\000u\000\040\0002\0000\0000\0005\000/\0000\0006\000/\0002\0008\000\040\000v\000e\000r\000:\000\040\0001\000.\0003\000\040\000s\000u\000b\000f\000i\000g\000\040\000p\000a\000c\000k\000a\000g\000e}{chapter.6}% 111
\BOOKMARK [2][-]{subsection.6.3.1}{\376\377\000G\000r\000o\000u\000p\000\040\000a\000n\000d\000\040\000r\000i\000n\000g}{section.6.3}% 112
\BOOKMARK [2][-]{subsection.6.3.2}{\376\377\000F\000i\000e\000l\000d\000\040\000a\000n\000d\000\040\000v\000e\000c\000t\000o\000r\000\040\000s\000p\000a\000c\000e}{section.6.3}% 113
\BOOKMARK [2][-]{subsection.6.3.3}{\376\377\000T\000h\000e\000\040\000b\000o\000l\000d\0000\000m\000u\000\040\000m\000u\000m\000u\000\040\0002\0000\0000\0005\000/\0000\0006\000/\0002\0008\000\040\000v\000e\000r\000:\000\040\0001\000.\0003\000\040\000s\000u\000b\000f\000i\000g\000\040\000p\000a\000c\000k\000a\000g\000e\000\040\000s\000p\000a\000c\000e\000\040\000a\000n\000d\000\040\000p\000o\000l\000y\000n\000o\000m\000i\000a\000l\000s\000\040\000o\000f\000\040\000D\000P\000F\000s}{section.6.3}% 114
\BOOKMARK [2][-]{subsection.6.3.4}{\376\377\000M\000a\000t\000r\000i\000c\000e\000s\000\040\000i\000n\000\040\000b\000o\000l\000d\0000\000m\000u\000\040\000m\000u\000m\000u\000\040\0002\0000\0000\0005\000/\0000\0006\000/\0002\0008\000\040\000v\000e\000r\000:\000\040\0001\000.\0003\000\040\000s\000u\000b\000f\000i\000g\000\040\000p\000a\000c\000k\000a\000g\000e}{section.6.3}% 115
\BOOKMARK [2][-]{subsection.6.3.5}{\376\377\000R\000e\000a\000l\000\040\000a\000n\000d\000\040\000i\000m\000a\000g\000i\000n\000a\000r\000y\000\040\000c\000o\000m\000p\000o\000n\000e\000n\000t\000s\000,\000\040\000c\000o\000n\000j\000u\000g\000a\000t\000i\000o\000n\000\040\000a\000n\000d\000\040\000t\000h\000e\000\040\000e\000x\000t\000e\000n\000d\000e\000d\000\040\000D\000P\000F\000\040\000s\000p\000a\000c\000e}{section.6.3}% 116
\BOOKMARK [2][-]{subsection.6.3.6}{\376\377\000A\000\040\000t\000o\000p\000o\000l\000o\000g\000y\000\040\000o\000f\000\040\000D\000y\000n\000a\000m\000i\000c\000\040\000P\000h\000a\000s\000o\000r\000\040\000F\000u\000n\000c\000t\000i\000o\000n\000a\000l\000s}{section.6.3}% 117
\BOOKMARK [1][-]{section.6.4}{\376\377\000C\000i\000r\000c\000u\000i\000t\000\040\000m\000o\000d\000e\000l\000l\000i\000n\000g\000\040\000t\000e\000c\000h\000n\000i\000q\000u\000e\000s\000\040\000u\000s\000i\000n\000g\000\040\000D\000y\000n\000a\000m\000i\000c\000\040\000P\000h\000a\000s\000o\000r\000s\000\040\000a\000n\000d\000\040\000t\000h\000e\000\040\000D\000P\000F}{chapter.6}% 118
\BOOKMARK [2][-]{subsection.6.4.1}{\376\377\000D\000y\000n\000a\000m\000i\000c\000\040\000I\000m\000p\000e\000d\000a\000n\000c\000e\000s}{section.6.4}% 119
\BOOKMARK [2][-]{subsection.6.4.2}{\376\377\000S\000u\000p\000e\000r\000p\000o\000s\000i\000t\000i\000o\000n\000,\000\040\000T\000h\000\350\000v\000e\000n\000i\000n\000\040\000a\000n\000d\000\040\000N\000o\000r\000t\000o\000n}{section.6.4}% 120
\BOOKMARK [1][-]{section.6.5}{\376\377\000E\000x\000a\000m\000p\000l\000e\000\040\000a\000p\000p\000l\000i\000c\000a\000t\000i\000o\000n}{chapter.6}% 121
\BOOKMARK [2][-]{subsection.6.5.1}{\376\377\000T\000a\000r\000g\000e\000t\000\040\000c\000i\000r\000c\000u\000i\000t}{section.6.5}% 122
\BOOKMARK [2][-]{subsection.6.5.2}{\376\377\000D\000y\000n\000a\000m\000i\000c\000\040\000P\000h\000a\000s\000o\000r\000\040\000d\000o\000m\000a\000i\000n\000\040\000m\000o\000d\000e\000l\000l\000i\000n\000g}{section.6.5}% 123
\BOOKMARK [2][-]{subsection.6.5.3}{\376\377\000C\000o\000r\000r\000e\000l\000a\000t\000i\000o\000n\000\040\000w\000i\000t\000h\000\040\000t\000h\000e\000\040\000t\000i\000m\000e\000\040\000d\000o\000m\000a\000i\000n}{section.6.5}% 124
\BOOKMARK [2][-]{subsection.6.5.4}{\376\377\000S\000i\000m\000u\000l\000a\000t\000i\000o\000n}{section.6.5}% 125
\BOOKMARK [0][-]{chapter.7}{\376\377\000E\000l\000e\000m\000e\000n\000t\000a\000r\000y\000\040\000C\000o\000n\000t\000r\000o\000l\000\040\000T\000h\000e\000o\000r\000y\000\040\000i\000n\000\040\000D\000y\000n\000a\000m\000i\000c\000\040\000P\000h\000a\000s\000o\000r\000\040\000S\000p\000a\000c\000e}{part.3}% 126
\BOOKMARK [1][-]{section.7.1}{\376\377\000D\000e\000c\000o\000m\000p\000o\000s\000i\000t\000i\000o\000n\000\040\000o\000f\000\040\000c\000o\000m\000p\000l\000e\000x\000\040\000s\000i\000g\000n\000a\000l\000s}{chapter.7}% 127
\BOOKMARK [2][-]{subsection.7.1.1}{\376\377\000T\000h\000e\000\040\000F\000u\000n\000d\000a\000m\000e\000n\000t\000a\000l\000\040\000T\000h\000e\000o\000r\000e\000m\000\040\000o\000f\000\040\000H\000o\000m\000o\000m\000o\000r\000p\000h\000i\000s\000m\000s}{section.7.1}% 128
\BOOKMARK [2][-]{subsection.7.1.2}{\376\377\000C\000o\000n\000s\000e\000q\000u\000e\000n\000c\000e\000s\000\040\000o\000n\000\040\000D\000P\000F\000s}{section.7.1}% 129
\BOOKMARK [2][-]{subsection.7.1.3}{\376\377\000N\000u\000l\000l\000s\000p\000a\000c\000e\000\040\000o\000f\000\040\000t\000h\000e\000\040\000D\000P\000O}{section.7.1}% 130
\BOOKMARK [2][-]{subsection.7.1.4}{\376\377\000T\000h\000e\000\040\000n\000a\000t\000u\000r\000e\000\040\000o\000f\000\040\000t\000h\000e\000\040\000n\000u\000l\000l\000\040\000c\000o\000m\000p\000o\000n\000e\000n\000t}{section.7.1}% 131
\BOOKMARK [2][-]{subsection.7.1.5}{\376\377\000E\000i\000g\000e\000n\000a\000n\000a\000l\000y\000s\000i\000s\000\040\000o\000f\000\040\000t\000h\000e\000\040\000D\000P\000O}{section.7.1}% 132
\BOOKMARK [1][-]{section.7.2}{\376\377\000C\000o\000n\000n\000e\000c\000t\000i\000o\000n\000\040\000w\000i\000t\000h\000\040\000t\000h\000e\000\040\000L\000a\000p\000l\000a\000c\000e\000\040\000T\000r\000a\000n\000s\000f\000o\000r\000m}{chapter.7}% 133
\BOOKMARK [2][-]{subsection.7.2.1}{\376\377\000T\000h\000e\000\040\000F\000i\000n\000a\000l\000\040\000V\000a\000l\000u\000e\000\040\000T\000h\000e\000o\000r\000e\000m\000s}{section.7.2}% 134
\BOOKMARK [1][-]{section.7.3}{\376\377\000T\000h\000e\000\040\000\040\000T\000r\000a\000n\000s\000f\000o\000r\000m\000\040\000o\000n\000\040\000D\000P\000F\000s\000\040\000a\000n\000d\000\040\000c\000o\000n\000s\000e\000q\000u\000e\000n\000c\000e\000s\000\040\000o\000n\000\040\000l\000i\000n\000e\000a\000r\000\040\000s\000y\000s\000t\000e\000m\000s}{chapter.7}% 135
\BOOKMARK [2][-]{subsection.7.3.1}{\376\377\000R\000a\000t\000i\000o\000n\000a\000l\000\040\000s\000y\000s\000t\000e\000m\000s\000\040\000a\000n\000d\000\040\000T\000F\000s}{section.7.3}% 136
\BOOKMARK [1][-]{section.7.4}{\376\377\000B\000I\000B\000O\000\040\000s\000t\000a\000b\000i\000l\000i\000t\000y}{chapter.7}% 137
\BOOKMARK [2][-]{subsection.7.4.1}{\376\377\000F\000o\000r\000\040\000g\000e\000n\000e\000r\000a\000l\000\040\000l\000i\000n\000e\000a\000r\000\040\000s\000y\000s\000t\000e\000m\000s}{section.7.4}% 138
\BOOKMARK [2][-]{subsection.7.4.2}{\376\377\000B\000I\000B\000O\000\040\000s\000t\000a\000b\000i\000l\000i\000t\000y\000\040\000o\000f\000\040\000t\000h\000e\000\040\000T\000F\000s}{section.7.4}% 139
\BOOKMARK [1][-]{section.7.5}{\376\377\000D\000i\000s\000c\000u\000s\000s\000i\000o\000n\000\040\000a\000n\000d\000\040\000a\000p\000p\000l\000i\000c\000a\000t\000i\000o\000n\000:\000\040\000a\000\040\000n\000e\000w\000\040\000c\000u\000r\000r\000e\000n\000t\000\040\000c\000o\000n\000t\000r\000o\000l\000l\000e\000r\000\040\000p\000r\000o\000p\000o\000s\000e\000d\000\040\000u\000s\000i\000n\000g\000\040\000D\000P\000O\000s}{chapter.7}% 140
\BOOKMARK [2][-]{subsection.7.5.1}{\376\377\000P\000r\000o\000p\000o\000s\000i\000t\000i\000o\000n\000\040\000a\000n\000d\000\040\000c\000o\000n\000s\000t\000r\000u\000c\000t\000i\000o\000n}{section.7.5}% 141
\BOOKMARK [2][-]{subsection.7.5.2}{\376\377\000A\000n\000a\000l\000y\000z\000i\000n\000g\000\040\000B\000I\000B\000O\000\040\000s\000t\000a\000b\000i\000l\000i\000t\000y}{section.7.5}% 142
\BOOKMARK [2][-]{subsection.7.5.3}{\376\377\000S\000i\000m\000u\000l\000a\000t\000i\000o\000n}{section.7.5}% 143
\BOOKMARK [-1][-]{part.4}{\376\377\0004\000\040\000A\000p\000p\000l\000i\000c\000a\000t\000i\000o\000n\000s\000\040\000a\000n\000d\000\040\000c\000o\000n\000c\000l\000u\000s\000i\000o\000n}{}% 144
\BOOKMARK [0][-]{chapter.8}{\376\377\000A\000p\000p\000l\000i\000c\000a\000t\000i\000o\000n\000s\000\040\000t\000o\000\040\000P\000o\000w\000e\000r\000\040\000S\000y\000s\000t\000e\000m\000\040\000a\000n\000d\000\040\000E\000l\000e\000c\000t\000r\000o\000n\000i\000c\000\040\000C\000i\000r\000c\000u\000i\000t\000s}{part.4}% 145
\BOOKMARK [1][-]{section.8.1}{\376\377\000S\000i\000m\000u\000l\000a\000t\000i\000o\000n\000\040\000o\000f\000\040\000a\000\040\000s\000i\000m\000p\000l\000e\000\040\000P\000o\000w\000e\000r\000\040\000S\000y\000s\000t\000e\000m}{chapter.8}% 146
\BOOKMARK [2][-]{subsection.8.1.1}{\376\377\000S\000y\000s\000t\000e\000m\000\040\000m\000o\000d\000e\000l\000\040\000w\000i\000t\000h\000o\000u\000t\000\040\000s\000h\000o\000r\000t}{section.8.1}% 147
\BOOKMARK [2][-]{subsection.8.1.2}{\376\377\000S\000y\000s\000t\000e\000m\000\040\000m\000o\000d\000e\000l\000\040\000w\000h\000i\000l\000e\000\040\000s\000h\000o\000r\000t\000e\000d}{section.8.1}% 148
\BOOKMARK [2][-]{subsection.8.1.3}{\376\377\000S\000i\000m\000u\000l\000a\000t\000i\000o\000n}{section.8.1}% 149
\BOOKMARK [1][-]{section.8.2}{\376\377\000A\000\040\000t\000r\000a\000n\000s\000i\000e\000n\000t\000\040\000P\000o\000w\000e\000r\000\040\000S\000y\000s\000t\000e\000m\000\040\000m\000o\000d\000e\000l\000l\000i\000n\000g\000\040\000f\000r\000a\000m\000e\000w\000o\000r\000k\000\040\000u\000s\000i\000n\000g\000\040\000D\000y\000n\000a\000m\000i\000c\000\040\000P\000h\000a\000s\000o\000r\000\040\000t\000h\000e\000o\000r\000y}{chapter.8}% 150
\BOOKMARK [2][-]{subsection.8.2.1}{\376\377\000T\000h\000e\000\040\000U\000n\000i\000f\000i\000e\000d\000\040\000N\000o\000d\000a\000l\000\040\000M\000o\000d\000e\000l\000\040\000f\000o\000r\000\040\000t\000r\000a\000n\000s\000m\000i\000s\000s\000i\000o\000n\000\040\000s\000y\000s\000t\000e\000m\000s}{section.8.2}% 151
\BOOKMARK [2][-]{subsection.8.2.2}{\376\377\000M\000o\000d\000e\000l\000l\000i\000n\000g\000\040\000b\000u\000s\000\040\000l\000o\000a\000d\000s}{section.8.2}% 152
\BOOKMARK [2][-]{subsection.8.2.3}{\376\377\000M\000u\000l\000t\000i\000-\000m\000a\000c\000h\000i\000n\000e\000\040\000P\000o\000w\000e\000r\000\040\000S\000y\000s\000t\000e\000m\000\040\000m\000o\000d\000e\000l\000l\000i\000n\000g\000\040\000e\000x\000a\000m\000p\000l\000e\000:\000\040\000t\000h\000e\000\040\000K\000u\000n\000d\000u\000r\000\040\000t\000w\000o\000-\000a\000r\000e\000a\000\040\000s\000y\000s\000t\000e\000m}{section.8.2}% 153
\BOOKMARK [1][-]{section.8.3}{\376\377\000N\000o\000n\000l\000i\000n\000e\000a\000r\000\040\000s\000y\000s\000t\000e\000m\000s\000:\000\040\000m\000o\000d\000e\000l\000l\000i\000n\000g\000\040\000o\000f\000\040\000a\000n\000\040\000e\000l\000e\000c\000t\000r\000o\000n\000i\000c\000\040\000a\000m\000p\000l\000i\000f\000i\000e\000r}{chapter.8}% 154
\BOOKMARK [0][-]{chapter.9}{\376\377\000D\000i\000s\000c\000u\000s\000s\000i\000o\000n\000\040\000a\000n\000d\000\040\000c\000o\000n\000c\000l\000u\000s\000i\000o\000n}{part.4}% 155
\BOOKMARK [1][-]{section.9.1}{\376\377\000O\000n\000\040\000t\000h\000e\000\040\000p\000r\000o\000p\000o\000s\000e\000d\000\040\000D\000y\000n\000a\000m\000i\000c\000\040\000P\000h\000a\000s\000o\000r\000\040\000r\000e\000p\000r\000e\000s\000e\000n\000t\000a\000t\000i\000o\000n}{chapter.9}% 156
\BOOKMARK [2][-]{subsection.9.1.1}{\376\377\000C\000o\000m\000m\000e\000n\000t\000s\000\040\000o\000n\000\040\000d\000e\000f\000i\000n\000i\000t\000i\000o\000n\000\040\0003\0002\000\040\000o\000f\000\040\000s\000i\000n\000u\000s\000o\000i\000d\000s}{section.9.1}% 157
\BOOKMARK [2][-]{subsection.9.1.2}{\376\377\000T\000h\000e\000\040\0003\000\040\000D\000P\000T\000\040\000a\000n\000d\000\040\000t\000h\000e\000\040\000s\000i\000n\000g\000l\000e\000-\000p\000h\000a\000s\000e\000\040\000v\000a\000r\000i\000a\000n\000t}{section.9.1}% 158
\BOOKMARK [2][-]{subsection.9.1.3}{\376\377\000J\000u\000s\000t\000i\000f\000y\000i\000n\000g\000\040\000t\000h\000e\000\040\000c\000o\000m\000p\000l\000e\000x\000\040\000g\000e\000n\000e\000r\000a\000t\000o\000r\000\040\000f\000u\000n\000c\000t\000i\000o\000n\000\040\000a\000n\000d\000\040\000t\000h\000e\000\040\000f\000r\000e\000q\000u\000e\000n\000c\000y\000\040\000a\000r\000b\000i\000t\000r\000a\000r\000i\000e\000t\000y}{section.9.1}% 159
\BOOKMARK [2][-]{subsection.9.1.4}{\376\377\000G\000e\000n\000e\000r\000a\000l\000i\000z\000a\000t\000i\000o\000n\000\040\000o\000f\000\040\000`\000`\000p\000h\000a\000s\000o\000r\000\040\000c\000a\000l\000c\000u\000l\000u\000s\000'\000'}{section.9.1}% 160
\BOOKMARK [2][-]{subsection.9.1.5}{\376\377\000C\000o\000n\000s\000e\000q\000u\000e\000n\000c\000e\000s\000\040\000f\000o\000r\000\040\000P\000o\000w\000e\000r\000\040\000S\000y\000s\000t\000e\000m\000s}{section.9.1}% 161
\BOOKMARK [1][-]{section.9.2}{\376\377\000F\000r\000e\000q\000u\000e\000n\000c\000y\000\040\000e\000f\000f\000e\000c\000t\000s\000\040\000o\000n\000\040\000t\000h\000e\000\040\000D\000y\000n\000a\000m\000i\000c\000\040\000P\000h\000a\000s\000o\000r\000\040\000T\000r\000a\000n\000s\000f\000o\000r\000m}{chapter.9}% 162
\BOOKMARK [1][-]{section.9.3}{\376\377\000A\000b\000o\000u\000t\000\040\000D\000y\000n\000a\000m\000i\000c\000\040\000P\000h\000a\000s\000o\000r\000\040\000F\000u\000n\000c\000t\000i\000o\000n\000a\000l\000s}{chapter.9}% 163
\BOOKMARK [1][-]{section.9.4}{\376\377\000A\000b\000o\000u\000t\000\040\000\040\000T\000r\000a\000n\000s\000f\000o\000r\000m\000s\000\040\000a\000n\000d\000\040\000t\000h\000e\000\040\000c\000o\000n\000t\000r\000o\000l\000\040\000t\000h\000e\000o\000r\000y\000\040\000i\000n\000\040\000D\000y\000n\000a\000m\000i\000c\000\040\000P\000h\000a\000s\000o\000r\000\040\000S\000p\000a\000c\000e}{chapter.9}% 164
\BOOKMARK [1][-]{section.9.5}{\376\377\000C\000o\000n\000c\000l\000u\000s\000i\000o\000n}{chapter.9}% 165
\BOOKMARK [0][-]{chapter*.112}{\376\377\000B\000i\000b\000l\000i\000o\000g\000r\000a\000p\000h\000y}{part.4}% 166
